root - INFO - Running data 0: [0, 0, 5, 9, 0, 7, 9, 9, 1, 2, 6, 1, 1, 9, 0, 1, 3, 5, 2, 3, 5, 6, 0, 2, 7, 4, 6, 2, 9, 7, 5, 9]
root - INFO - Running method got
root - INFO - Budget left: 30
Gemma3HF - DEBUG - Loaded config from /nobackup3/divyam/graph-of-thoughts/examples/sorting/../../graph_of_thoughts/language_models/config_template.json for gemma-3-12b-it
graph_of_thoughts.controller.controller - DEBUG - Checking that the program is in a valid state
graph_of_thoughts.controller.controller - DEBUG - The program is in a valid state
graph_of_thoughts.controller.controller - INFO - Executing operation OperationType.generate
Generate - INFO - Executing operation 0 of type OperationType.generate
Generate - DEBUG - Prompt for LM: <Instruction> Split the following list of 32 numbers into 2 lists of 16 numbers each, the first list should contain the first 16 numbers and the second list the second 16 numbers.
Only output the final 2 lists in the following format without any additional text or thoughts!:
{
    "List 1": [3, 4, 3, 5, 7, 8, 1, ...],
    "List 2": [2, 9, 2, 4, 7, 1, 5, ...]
} </Instruction>

<Example>
Input: [9, 6, 7, 7, 2, 0, 2, 2, 3, 5, 0, 9, 2, 2, 4, 4, 5, 2, 5, 1, 2, 8, 3, 8, 3, 9, 6, 0, 4, 2, 2, 3]
Output: 
{
    "List 1": [9, 6, 7, 7, 2, 0, 2, 2, 3, 5, 0, 9, 2, 2, 4, 4],
    "List 2": [5, 2, 5, 1, 2, 8, 3, 8, 3, 9, 6, 0, 4, 2, 2, 3]
}
</Example>

Input: [0, 0, 5, 9, 0, 7, 9, 9, 1, 2, 6, 1, 1, 9, 0, 1, 3, 5, 2, 3, 5, 6, 0, 2, 7, 4, 6, 2, 9, 7, 5, 9]
Generate - DEBUG - Responses from LM: ['{\n    "List 1": [0, 0, 5, 9, 0, 7, 9, 9, 1, 2, 6, 1, 1, 9, 0, 1],\n    "List 2": [3, 5, 2, 3, 5, 6, 0, 2, 7, 4, 6, 2, 9, 7, 5, 9]\n}']
Generate - DEBUG - New thought 1 created with state {'original': '[0, 0, 5, 9, 0, 7, 9, 9, 1, 2, 6, 1, 1, 9, 0, 1, 3, 5, 2, 3, 5, 6, 0, 2, 7, 4, 6, 2, 9, 7, 5, 9]', 'current': '[0, 0, 5, 9, 0, 7, 9, 9, 1, 2, 6, 1, 1, 9, 0, 1]', 'phase': 1, 'method': 'got', 'unsorted_sublist': '[0, 0, 5, 9, 0, 7, 9, 9, 1, 2, 6, 1, 1, 9, 0, 1]', 'part': 'List 1'}
Generate - DEBUG - New thought 2 created with state {'original': '[0, 0, 5, 9, 0, 7, 9, 9, 1, 2, 6, 1, 1, 9, 0, 1, 3, 5, 2, 3, 5, 6, 0, 2, 7, 4, 6, 2, 9, 7, 5, 9]', 'current': '[3, 5, 2, 3, 5, 6, 0, 2, 7, 4, 6, 2, 9, 7, 5, 9]', 'phase': 1, 'method': 'got', 'unsorted_sublist': '[3, 5, 2, 3, 5, 6, 0, 2, 7, 4, 6, 2, 9, 7, 5, 9]', 'part': 'List 2'}
Generate - WARNING - Generate operation 0 created more thoughts than expected
Generate - INFO - Generate operation 0 created 2 new thoughts
Generate - DEBUG - Operation 0 executed
graph_of_thoughts.controller.controller - INFO - Operation OperationType.generate executed
graph_of_thoughts.controller.controller - INFO - Executing operation OperationType.selector
Selector - INFO - Executing operation 1 of type OperationType.selector
Selector - DEBUG - Thought 3 with state {'original': '[0, 0, 5, 9, 0, 7, 9, 9, 1, 2, 6, 1, 1, 9, 0, 1, 3, 5, 2, 3, 5, 6, 0, 2, 7, 4, 6, 2, 9, 7, 5, 9]', 'current': '[0, 0, 5, 9, 0, 7, 9, 9, 1, 2, 6, 1, 1, 9, 0, 1]', 'phase': 1, 'method': 'got', 'unsorted_sublist': '[0, 0, 5, 9, 0, 7, 9, 9, 1, 2, 6, 1, 1, 9, 0, 1]', 'part': 'List 1'} selected
Selector - INFO - Selector operation 1 selected 1 thoughts
Selector - DEBUG - Operation 1 executed
graph_of_thoughts.controller.controller - INFO - Operation OperationType.selector executed
graph_of_thoughts.controller.controller - INFO - Executing operation OperationType.selector
Selector - INFO - Executing operation 5 of type OperationType.selector
Selector - DEBUG - Thought 4 with state {'original': '[0, 0, 5, 9, 0, 7, 9, 9, 1, 2, 6, 1, 1, 9, 0, 1, 3, 5, 2, 3, 5, 6, 0, 2, 7, 4, 6, 2, 9, 7, 5, 9]', 'current': '[3, 5, 2, 3, 5, 6, 0, 2, 7, 4, 6, 2, 9, 7, 5, 9]', 'phase': 1, 'method': 'got', 'unsorted_sublist': '[3, 5, 2, 3, 5, 6, 0, 2, 7, 4, 6, 2, 9, 7, 5, 9]', 'part': 'List 2'} selected
Selector - INFO - Selector operation 5 selected 1 thoughts
Selector - DEBUG - Operation 5 executed
graph_of_thoughts.controller.controller - INFO - Operation OperationType.selector executed
graph_of_thoughts.controller.controller - INFO - Executing operation OperationType.generate
Generate - INFO - Executing operation 2 of type OperationType.generate
Generate - DEBUG - Prompt for LM: <Instruction> Sort the following list of numbers in ascending order. Output only the sorted list of numbers, no additional text. </Instruction>

<Examples>
Input: [5, 1, 0, 1, 2, 0, 4, 8, 1, 9, 5, 1, 3, 3, 9, 7]
Output: [0, 0, 1, 1, 1, 1, 2, 3, 3, 4, 5, 5, 7, 8, 9, 9]

Input: [3, 7, 0, 2, 8, 1, 2, 2, 2, 4, 7, 8, 5, 5, 3, 9, 4, 3, 5, 6, 6, 4, 4, 5, 2, 0, 9, 3, 3, 9, 2, 1]
Output: [0, 0, 1, 1, 2, 2, 2, 2, 2, 2, 3, 3, 3, 3, 3, 4, 4, 4, 4, 5, 5, 5, 5, 6, 6, 7, 7, 8, 8, 9, 9, 9]

Input: [4, 4, 9, 7, 9, 7, 0, 0, 4, 9, 1, 7, 9, 5, 8, 7, 5, 6, 3, 8, 6, 7, 5, 8, 5, 0, 6, 3, 7, 0, 5, 3, 7, 5, 2, 4, 4, 9, 0, 7, 8, 2, 7, 7, 7, 2, 1, 3, 9, 9, 7, 9, 6, 6, 4, 5, 4, 2, 0, 8, 9, 0, 2, 2]
Output: [0, 0, 0, 0, 0, 0, 0, 1, 1, 2, 2, 2, 2, 2, 2, 3, 3, 3, 3, 4, 4, 4, 4, 4, 4, 4, 5, 5, 5, 5, 5, 5, 5, 6, 6, 6, 6, 6, 7, 7, 7, 7, 7, 7, 7, 7, 7, 7, 7, 7, 8, 8, 8, 8, 8, 9, 9, 9, 9, 9, 9, 9, 9, 9]
</Examples>

Input: [0, 0, 5, 9, 0, 7, 9, 9, 1, 2, 6, 1, 1, 9, 0, 1]
Generate - DEBUG - Responses from LM: ['[0, 0, 0, 1, 1, 1, 1, 2, 5, 6, 7, 9, 9, 9, 9, 9]', '[0, 0, 0, 1, 1, 1, 1, 2, 5, 6, 7, 9, 9, 9, 9, 9]', '[0, 0, 0, 1, 1, 1, 1, 2, 5, 6, 7, 9, 9, 9, 9, 9]', '[0, 0, 0, 1, 1, 1, 1, 2, 5, 6, 7, 9, 9, 9, 9, 9]', '[0, 0, 0, 1, 1, 1, 1, 2, 5, 6, 7, 9, 9, 9, 9, 9]']
Generate - DEBUG - New thought 5 created with state {'original': '[0, 0, 5, 9, 0, 7, 9, 9, 1, 2, 6, 1, 1, 9, 0, 1, 3, 5, 2, 3, 5, 6, 0, 2, 7, 4, 6, 2, 9, 7, 5, 9]', 'current': '[0, 0, 0, 1, 1, 1, 1, 2, 5, 6, 7, 9, 9, 9, 9, 9]', 'phase': 2, 'method': 'got', 'unsorted_sublist': '[0, 0, 5, 9, 0, 7, 9, 9, 1, 2, 6, 1, 1, 9, 0, 1]', 'part': 'List 1'}
Generate - DEBUG - New thought 6 created with state {'original': '[0, 0, 5, 9, 0, 7, 9, 9, 1, 2, 6, 1, 1, 9, 0, 1, 3, 5, 2, 3, 5, 6, 0, 2, 7, 4, 6, 2, 9, 7, 5, 9]', 'current': '[0, 0, 0, 1, 1, 1, 1, 2, 5, 6, 7, 9, 9, 9, 9, 9]', 'phase': 2, 'method': 'got', 'unsorted_sublist': '[0, 0, 5, 9, 0, 7, 9, 9, 1, 2, 6, 1, 1, 9, 0, 1]', 'part': 'List 1'}
Generate - DEBUG - New thought 7 created with state {'original': '[0, 0, 5, 9, 0, 7, 9, 9, 1, 2, 6, 1, 1, 9, 0, 1, 3, 5, 2, 3, 5, 6, 0, 2, 7, 4, 6, 2, 9, 7, 5, 9]', 'current': '[0, 0, 0, 1, 1, 1, 1, 2, 5, 6, 7, 9, 9, 9, 9, 9]', 'phase': 2, 'method': 'got', 'unsorted_sublist': '[0, 0, 5, 9, 0, 7, 9, 9, 1, 2, 6, 1, 1, 9, 0, 1]', 'part': 'List 1'}
Generate - DEBUG - New thought 8 created with state {'original': '[0, 0, 5, 9, 0, 7, 9, 9, 1, 2, 6, 1, 1, 9, 0, 1, 3, 5, 2, 3, 5, 6, 0, 2, 7, 4, 6, 2, 9, 7, 5, 9]', 'current': '[0, 0, 0, 1, 1, 1, 1, 2, 5, 6, 7, 9, 9, 9, 9, 9]', 'phase': 2, 'method': 'got', 'unsorted_sublist': '[0, 0, 5, 9, 0, 7, 9, 9, 1, 2, 6, 1, 1, 9, 0, 1]', 'part': 'List 1'}
Generate - DEBUG - New thought 9 created with state {'original': '[0, 0, 5, 9, 0, 7, 9, 9, 1, 2, 6, 1, 1, 9, 0, 1, 3, 5, 2, 3, 5, 6, 0, 2, 7, 4, 6, 2, 9, 7, 5, 9]', 'current': '[0, 0, 0, 1, 1, 1, 1, 2, 5, 6, 7, 9, 9, 9, 9, 9]', 'phase': 2, 'method': 'got', 'unsorted_sublist': '[0, 0, 5, 9, 0, 7, 9, 9, 1, 2, 6, 1, 1, 9, 0, 1]', 'part': 'List 1'}
Generate - INFO - Generate operation 2 created 5 new thoughts
Generate - DEBUG - Operation 2 executed
graph_of_thoughts.controller.controller - INFO - Operation OperationType.generate executed
graph_of_thoughts.controller.controller - INFO - Executing operation OperationType.generate
Generate - INFO - Executing operation 6 of type OperationType.generate
Generate - DEBUG - Prompt for LM: <Instruction> Sort the following list of numbers in ascending order. Output only the sorted list of numbers, no additional text. </Instruction>

<Examples>
Input: [5, 1, 0, 1, 2, 0, 4, 8, 1, 9, 5, 1, 3, 3, 9, 7]
Output: [0, 0, 1, 1, 1, 1, 2, 3, 3, 4, 5, 5, 7, 8, 9, 9]

Input: [3, 7, 0, 2, 8, 1, 2, 2, 2, 4, 7, 8, 5, 5, 3, 9, 4, 3, 5, 6, 6, 4, 4, 5, 2, 0, 9, 3, 3, 9, 2, 1]
Output: [0, 0, 1, 1, 2, 2, 2, 2, 2, 2, 3, 3, 3, 3, 3, 4, 4, 4, 4, 5, 5, 5, 5, 6, 6, 7, 7, 8, 8, 9, 9, 9]

Input: [4, 4, 9, 7, 9, 7, 0, 0, 4, 9, 1, 7, 9, 5, 8, 7, 5, 6, 3, 8, 6, 7, 5, 8, 5, 0, 6, 3, 7, 0, 5, 3, 7, 5, 2, 4, 4, 9, 0, 7, 8, 2, 7, 7, 7, 2, 1, 3, 9, 9, 7, 9, 6, 6, 4, 5, 4, 2, 0, 8, 9, 0, 2, 2]
Output: [0, 0, 0, 0, 0, 0, 0, 1, 1, 2, 2, 2, 2, 2, 2, 3, 3, 3, 3, 4, 4, 4, 4, 4, 4, 4, 5, 5, 5, 5, 5, 5, 5, 6, 6, 6, 6, 6, 7, 7, 7, 7, 7, 7, 7, 7, 7, 7, 7, 7, 8, 8, 8, 8, 8, 9, 9, 9, 9, 9, 9, 9, 9, 9]
</Examples>

Input: [3, 5, 2, 3, 5, 6, 0, 2, 7, 4, 6, 2, 9, 7, 5, 9]
Generate - DEBUG - Responses from LM: ['[0, 2, 2, 2, 3, 3, 4, 5, 5, 5, 6, 6, 7, 7, 9, 9]', '[0, 2, 2, 2, 3, 3, 4, 5, 5, 5, 6, 6, 7, 7, 9, 9]', '[0, 2, 2, 2, 3, 3, 4, 5, 5, 5, 6, 6, 7, 7, 9, 9]', '[0, 2, 2, 2, 3, 3, 4, 5, 5, 5, 6, 6, 7, 7, 9, 9]', '[0, 2, 2, 2, 3, 3, 4, 5, 5, 5, 6, 6, 7, 7, 9, 9]']
Generate - DEBUG - New thought 10 created with state {'original': '[0, 0, 5, 9, 0, 7, 9, 9, 1, 2, 6, 1, 1, 9, 0, 1, 3, 5, 2, 3, 5, 6, 0, 2, 7, 4, 6, 2, 9, 7, 5, 9]', 'current': '[0, 2, 2, 2, 3, 3, 4, 5, 5, 5, 6, 6, 7, 7, 9, 9]', 'phase': 2, 'method': 'got', 'unsorted_sublist': '[3, 5, 2, 3, 5, 6, 0, 2, 7, 4, 6, 2, 9, 7, 5, 9]', 'part': 'List 2'}
Generate - DEBUG - New thought 11 created with state {'original': '[0, 0, 5, 9, 0, 7, 9, 9, 1, 2, 6, 1, 1, 9, 0, 1, 3, 5, 2, 3, 5, 6, 0, 2, 7, 4, 6, 2, 9, 7, 5, 9]', 'current': '[0, 2, 2, 2, 3, 3, 4, 5, 5, 5, 6, 6, 7, 7, 9, 9]', 'phase': 2, 'method': 'got', 'unsorted_sublist': '[3, 5, 2, 3, 5, 6, 0, 2, 7, 4, 6, 2, 9, 7, 5, 9]', 'part': 'List 2'}
Generate - DEBUG - New thought 12 created with state {'original': '[0, 0, 5, 9, 0, 7, 9, 9, 1, 2, 6, 1, 1, 9, 0, 1, 3, 5, 2, 3, 5, 6, 0, 2, 7, 4, 6, 2, 9, 7, 5, 9]', 'current': '[0, 2, 2, 2, 3, 3, 4, 5, 5, 5, 6, 6, 7, 7, 9, 9]', 'phase': 2, 'method': 'got', 'unsorted_sublist': '[3, 5, 2, 3, 5, 6, 0, 2, 7, 4, 6, 2, 9, 7, 5, 9]', 'part': 'List 2'}
Generate - DEBUG - New thought 13 created with state {'original': '[0, 0, 5, 9, 0, 7, 9, 9, 1, 2, 6, 1, 1, 9, 0, 1, 3, 5, 2, 3, 5, 6, 0, 2, 7, 4, 6, 2, 9, 7, 5, 9]', 'current': '[0, 2, 2, 2, 3, 3, 4, 5, 5, 5, 6, 6, 7, 7, 9, 9]', 'phase': 2, 'method': 'got', 'unsorted_sublist': '[3, 5, 2, 3, 5, 6, 0, 2, 7, 4, 6, 2, 9, 7, 5, 9]', 'part': 'List 2'}
Generate - DEBUG - New thought 14 created with state {'original': '[0, 0, 5, 9, 0, 7, 9, 9, 1, 2, 6, 1, 1, 9, 0, 1, 3, 5, 2, 3, 5, 6, 0, 2, 7, 4, 6, 2, 9, 7, 5, 9]', 'current': '[0, 2, 2, 2, 3, 3, 4, 5, 5, 5, 6, 6, 7, 7, 9, 9]', 'phase': 2, 'method': 'got', 'unsorted_sublist': '[3, 5, 2, 3, 5, 6, 0, 2, 7, 4, 6, 2, 9, 7, 5, 9]', 'part': 'List 2'}
Generate - INFO - Generate operation 6 created 5 new thoughts
Generate - DEBUG - Operation 6 executed
graph_of_thoughts.controller.controller - INFO - Operation OperationType.generate executed
graph_of_thoughts.controller.controller - INFO - Executing operation OperationType.score
Score - INFO - Executing operation 3 of type OperationType.score
Score - DEBUG - Using scoring function <function num_errors at 0x7f0cae9aa660> to score state
Score - DEBUG - Using scoring function <function num_errors at 0x7f0cae9aa660> to score state
Score - DEBUG - Using scoring function <function num_errors at 0x7f0cae9aa660> to score state
Score - DEBUG - Using scoring function <function num_errors at 0x7f0cae9aa660> to score state
Score - DEBUG - Using scoring function <function num_errors at 0x7f0cae9aa660> to score state
Score - INFO - Score operation 3 scored 5 thoughts
Score - DEBUG - Operation 3 executed
graph_of_thoughts.controller.controller - INFO - Operation OperationType.score executed
graph_of_thoughts.controller.controller - INFO - Executing operation OperationType.score
Score - INFO - Executing operation 7 of type OperationType.score
Score - DEBUG - Using scoring function <function num_errors at 0x7f0cae9aa660> to score state
Score - DEBUG - Using scoring function <function num_errors at 0x7f0cae9aa660> to score state
Score - DEBUG - Using scoring function <function num_errors at 0x7f0cae9aa660> to score state
Score - DEBUG - Using scoring function <function num_errors at 0x7f0cae9aa660> to score state
Score - DEBUG - Using scoring function <function num_errors at 0x7f0cae9aa660> to score state
Score - INFO - Score operation 7 scored 5 thoughts
Score - DEBUG - Operation 7 executed
graph_of_thoughts.controller.controller - INFO - Operation OperationType.score executed
graph_of_thoughts.controller.controller - INFO - Executing operation OperationType.keep_best_n
KeepBestN - INFO - Executing operation 4 of type OperationType.keep_best_n
KeepBestN - DEBUG - Thought 25 with state {'original': '[0, 0, 5, 9, 0, 7, 9, 9, 1, 2, 6, 1, 1, 9, 0, 1, 3, 5, 2, 3, 5, 6, 0, 2, 7, 4, 6, 2, 9, 7, 5, 9]', 'current': '[0, 0, 0, 1, 1, 1, 1, 2, 5, 6, 7, 9, 9, 9, 9, 9]', 'phase': 2, 'method': 'got', 'unsorted_sublist': '[0, 0, 5, 9, 0, 7, 9, 9, 1, 2, 6, 1, 1, 9, 0, 1]', 'part': 'List 1'} kept
KeepBestN - INFO - KeepBestN operation 4 kept 1 thoughts
KeepBestN - DEBUG - Operation 4 executed
graph_of_thoughts.controller.controller - INFO - Operation OperationType.keep_best_n executed
graph_of_thoughts.controller.controller - INFO - Executing operation OperationType.keep_best_n
KeepBestN - INFO - Executing operation 8 of type OperationType.keep_best_n
KeepBestN - DEBUG - Thought 26 with state {'original': '[0, 0, 5, 9, 0, 7, 9, 9, 1, 2, 6, 1, 1, 9, 0, 1, 3, 5, 2, 3, 5, 6, 0, 2, 7, 4, 6, 2, 9, 7, 5, 9]', 'current': '[0, 2, 2, 2, 3, 3, 4, 5, 5, 5, 6, 6, 7, 7, 9, 9]', 'phase': 2, 'method': 'got', 'unsorted_sublist': '[3, 5, 2, 3, 5, 6, 0, 2, 7, 4, 6, 2, 9, 7, 5, 9]', 'part': 'List 2'} kept
KeepBestN - INFO - KeepBestN operation 8 kept 1 thoughts
KeepBestN - DEBUG - Operation 8 executed
graph_of_thoughts.controller.controller - INFO - Operation OperationType.keep_best_n executed
graph_of_thoughts.controller.controller - INFO - Executing operation OperationType.aggregate
Aggregate - INFO - Executing operation 9 of type OperationType.aggregate
Aggregate - DEBUG - Prompt for LM: <Instruction> Merge the following 2 sorted lists of length 16 each, into one sorted list of length 32 using a merge sort style approach.
Only output the final merged list without any additional text or thoughts!:</Instruction>

<Approach>
To merge the two lists in a merge-sort style approach, follow these steps:
1. Compare the first element of both lists.
2. Append the smaller element to the merged list and move to the next element in the list from which the smaller element came.
3. Repeat steps 1 and 2 until one of the lists is empty.
4. Append the remaining elements of the non-empty list to the merged list.
</Approach>

Merge the following two lists into one sorted list:
1: [0, 0, 0, 1, 1, 1, 1, 2, 5, 6, 7, 9, 9, 9, 9, 9]
2: [0, 2, 2, 2, 3, 3, 4, 5, 5, 5, 6, 6, 7, 7, 9, 9]

Merged list:

Aggregate - DEBUG - Responses from LM: ['0, 0, 0, 0, 1, 1, 1, 1, 2, 2, 2, 2, 2, 3, 3, 4, 5, 5, 5, 5, 6, 6, 6, 7, 7, 7, 9, 9, 9, 9, 9, 9', '0, 0, 0, 0, 1, 1, 1, 1, 2, 2, 2, 2, 2, 3, 3, 4, 5, 5, 5, 5, 6, 6, 6, 7, 7, 7, 9, 9, 9, 9, 9, 9', '0, 0, 0, 0, 1, 1, 1, 1, 2, 2, 2, 2, 2, 3, 3, 4, 5, 5, 5, 5, 6, 6, 6, 7, 7, 7, 9, 9, 9, 9, 9, 9', '0, 0, 0, 0, 1, 1, 1, 1, 2, 2, 2, 2, 2, 3, 3, 4, 5, 5, 5, 5, 6, 6, 6, 7, 7, 7, 9, 9, 9, 9, 9, 9', '0, 0, 0, 0, 1, 1, 1, 1, 2, 2, 2, 2, 2, 3, 3, 4, 5, 5, 5, 5, 6, 6, 6, 7, 7, 7, 9, 9, 9, 9, 9, 9', '0, 0, 0, 0, 1, 1, 1, 1, 2, 2, 2, 2, 2, 3, 3, 4, 5, 5, 5, 5, 6, 6, 6, 7, 7, 7, 9, 9, 9, 9, 9, 9', '0, 0, 0, 0, 1, 1, 1, 1, 2, 2, 2, 2, 2, 3, 3, 4, 5, 5, 5, 5, 6, 6, 6, 7, 7, 7, 9, 9, 9, 9, 9, 9', '0, 0, 0, 0, 1, 1, 1, 1, 2, 2, 2, 2, 2, 3, 3, 4, 5, 5, 5, 5, 6, 6, 6, 7, 7, 7, 9, 9, 9, 9, 9, 9', '0, 0, 0, 0, 1, 1, 1, 1, 2, 2, 2, 2, 2, 3, 3, 4, 5, 5, 5, 5, 6, 6, 6, 7, 7, 7, 9, 9, 9, 9, 9, 9', '0, 0, 0, 0, 1, 1, 1, 1, 2, 2, 2, 2, 2, 3, 3, 4, 5, 5, 5, 5, 6, 6, 6, 7, 7, 7, 9, 9, 9, 9, 9, 9']
Aggregate - DEBUG - Operation 9 executed
graph_of_thoughts.controller.controller - INFO - Operation OperationType.aggregate executed
graph_of_thoughts.controller.controller - INFO - Executing operation OperationType.score
Score - INFO - Executing operation 10 of type OperationType.score
Score - DEBUG - Using scoring function <function num_errors at 0x7f0cae9aa660> to score state
Score - DEBUG - Using scoring function <function num_errors at 0x7f0cae9aa660> to score state
Score - DEBUG - Using scoring function <function num_errors at 0x7f0cae9aa660> to score state
Score - DEBUG - Using scoring function <function num_errors at 0x7f0cae9aa660> to score state
Score - DEBUG - Using scoring function <function num_errors at 0x7f0cae9aa660> to score state
Score - DEBUG - Using scoring function <function num_errors at 0x7f0cae9aa660> to score state
Score - DEBUG - Using scoring function <function num_errors at 0x7f0cae9aa660> to score state
Score - DEBUG - Using scoring function <function num_errors at 0x7f0cae9aa660> to score state
Score - DEBUG - Using scoring function <function num_errors at 0x7f0cae9aa660> to score state
Score - DEBUG - Using scoring function <function num_errors at 0x7f0cae9aa660> to score state
Score - INFO - Score operation 10 scored 10 thoughts
Score - DEBUG - Operation 10 executed
graph_of_thoughts.controller.controller - INFO - Operation OperationType.score executed
graph_of_thoughts.controller.controller - INFO - Executing operation OperationType.keep_best_n
KeepBestN - INFO - Executing operation 11 of type OperationType.keep_best_n
KeepBestN - DEBUG - Thought 47 with state {'original': '[0, 0, 5, 9, 0, 7, 9, 9, 1, 2, 6, 1, 1, 9, 0, 1, 3, 5, 2, 3, 5, 6, 0, 2, 7, 4, 6, 2, 9, 7, 5, 9]', 'current': '[0, 0, 0, 0, 1, 1, 1, 1, 2, 2, 2, 2, 2, 3, 3, 4, 5, 5, 5, 5, 6, 6, 6, 7, 7, 7, 9, 9, 9, 9, 9, 9]', 'phase': 2, 'method': 'got', 'unsorted_sublist': '[0, 0, 5, 9, 0, 7, 9, 9, 1, 2, 6, 1, 1, 9, 0, 1, 3, 5, 2, 3, 5, 6, 0, 2, 7, 4, 6, 2, 9, 7, 5, 9]', 'part': 'List 1'} kept
KeepBestN - INFO - KeepBestN operation 11 kept 1 thoughts
KeepBestN - DEBUG - Operation 11 executed
graph_of_thoughts.controller.controller - INFO - Operation OperationType.keep_best_n executed
graph_of_thoughts.controller.controller - INFO - Executing operation OperationType.generate
Generate - INFO - Executing operation 12 of type OperationType.generate
Generate - DEBUG - Prompt for LM: <Instruction> The following two lists represent an unsorted list of numbers and a sorted variant of that list. The sorted variant is not correct. Fix the sorted variant so that it is correct.
Make sure that the output list is sorted in ascending order, has the same number of elements as the input list (32), and contains the same elements as the input list. </Instruction>

<Approach>
To fix the incorrectly sorted list follow these steps:
1. For each number from 0 to 9, compare the frequency of that number in the incorrectly sorted list to the frequency of that number in the input list.
2. Iterate through the incorrectly sorted list and add or remove numbers as needed to make the frequency of each number in the incorrectly sorted list match the frequency of that number in the input list.
</Approach>

<Examples>
Input: [3, 7, 0, 2, 8, 1, 2, 2, 2, 4, 7, 8, 5, 5, 3, 9]
Incorrectly Sorted: [0, 0, 0, 0, 0, 1, 2, 2, 3, 3, 4, 4, 4, 5, 5, 7, 7, 8, 8, 9, 9, 9, 9]
Reason: The incorrectly sorted list contains four extra 0s, two extra 4s and three extra 9s and is missing two 2s.
Output: [0, 1, 2, 2, 2, 2, 3, 3, 4, 5, 5, 7, 7, 8, 8, 9]

Input: [6, 4, 5, 7, 5, 6, 9, 7, 6, 9, 4, 6, 9, 8, 1, 9, 2, 4, 9, 0, 7, 6, 5, 6, 6, 2, 8, 3, 9, 5, 6, 1]
Incorrectly Sorted: [0, 1, 1, 2, 2, 3, 4, 4, 4, 4, 4, 5, 5, 5, 5, 6, 6, 6, 6, 6, 6, 7, 7, 7, 8, 8, 9, 9, 9, 9, 9]
Reason: The incorrectly sorted list contains two extra 4s and is missing two 6s and one 9.
Output: [0, 1, 1, 2, 2, 3, 4, 4, 4, 5, 5, 5, 5, 6, 6, 6, 6, 6, 6, 6, 6, 7, 7, 7, 8, 8, 9, 9, 9, 9, 9, 9]

Input: [4, 4, 9, 7, 9, 7, 0, 0, 4, 9, 1, 7, 9, 5, 8, 7, 5, 6, 3, 8, 6, 7, 5, 8, 5, 0, 6, 3, 7, 0, 5, 3, 7, 5, 2, 4, 4, 9, 0, 7, 8, 2, 7, 7, 7, 2, 1, 3, 9, 9, 7, 9, 6, 6, 4, 5, 4, 2, 0, 8, 9, 0, 2, 2]
Incorrectly Sorted: [0, 0, 0, 0, 0, 0, 0, 1, 1, 2, 2, 2, 2, 3, 3, 3, 4, 4, 4, 4, 5, 5, 5, 5, 5, 6, 6, 6, 6, 7, 7, 7, 7, 7, 7, 8, 8, 8, 8, 8, 8, 9, 9, 9, 9, 9, 9, 9, 9]
Reason: The incorrectly sorted list contains one extra 8 and is missing two 2s, one 3, three 4s, two 5s, one 6, six 7s and one 9.
Output: [0, 0, 0, 0, 0, 0, 0, 1, 1, 2, 2, 2, 2, 2, 2, 3, 3, 3, 3, 4, 4, 4, 4, 4, 4, 4, 5, 5, 5, 5, 5, 5, 5, 6, 6, 6, 6, 6, 7, 7, 7, 7, 7, 7, 7, 7, 7, 7, 7, 7, 8, 8, 8, 8, 8, 9, 9, 9, 9, 9, 9, 9, 9, 9]
</Examples>

Input: [0, 0, 5, 9, 0, 7, 9, 9, 1, 2, 6, 1, 1, 9, 0, 1, 3, 5, 2, 3, 5, 6, 0, 2, 7, 4, 6, 2, 9, 7, 5, 9]
Incorrectly Sorted: [0, 0, 0, 0, 1, 1, 1, 1, 2, 2, 2, 2, 2, 3, 3, 4, 5, 5, 5, 5, 6, 6, 6, 7, 7, 7, 9, 9, 9, 9, 9, 9]

Generate - DEBUG - Responses from LM: ['[0, 0, 0, 0, 1, 1, 1, 1, 2, 2, 2, 2, 2, 3, 3, 4, 5, 5, 5, 5, 6, 6, 6, 7, 7, 7, 9, 9, 9, 9, 9, 9]', '[0, 0, 0, 0, 1, 1, 1, 1, 2, 2, 2, 2, 2, 3, 3, 4, 5, 5, 5, 5, 6, 6, 6, 7, 7, 7, 9, 9, 9, 9, 9, 9]', '[0, 0, 0, 0, 1, 1, 1, 1, 2, 2, 2, 2, 2, 3, 3, 4, 5, 5, 5, 5, 6, 6, 6, 7, 7, 7, 9, 9, 9, 9, 9, 9]', '[0, 0, 0, 0, 1, 1, 1, 1, 2, 2, 2, 2, 2, 3, 3, 4, 5, 5, 5, 5, 6, 6, 6, 7, 7, 7, 9, 9, 9, 9, 9, 9]', '[0, 0, 0, 0, 1, 1, 1, 1, 2, 2, 2, 2, 2, 3, 3, 4, 5, 5, 5, 5, 6, 6, 6, 7, 7, 7, 9, 9, 9, 9, 9, 9]', '[0, 0, 0, 0, 1, 1, 1, 1, 2, 2, 2, 2, 2, 3, 3, 4, 5, 5, 5, 5, 6, 6, 6, 7, 7, 7, 9, 9, 9, 9, 9, 9]', '[0, 0, 0, 0, 1, 1, 1, 1, 2, 2, 2, 2, 2, 3, 3, 4, 5, 5, 5, 5, 6, 6, 6, 7, 7, 7, 9, 9, 9, 9, 9, 9]', '[0, 0, 0, 0, 1, 1, 1, 1, 2, 2, 2, 2, 2, 3, 3, 4, 5, 5, 5, 5, 6, 6, 6, 7, 7, 7, 9, 9, 9, 9, 9, 9]', '[0, 0, 0, 0, 1, 1, 1, 1, 2, 2, 2, 2, 2, 3, 3, 4, 5, 5, 5, 5, 6, 6, 6, 7, 7, 7, 9, 9, 9, 9, 9, 9]', '[0, 0, 0, 0, 1, 1, 1, 1, 2, 2, 2, 2, 2, 3, 3, 4, 5, 5, 5, 5, 6, 6, 6, 7, 7, 7, 9, 9, 9, 9, 9, 9]']
Generate - DEBUG - New thought 48 created with state {'original': '[0, 0, 5, 9, 0, 7, 9, 9, 1, 2, 6, 1, 1, 9, 0, 1, 3, 5, 2, 3, 5, 6, 0, 2, 7, 4, 6, 2, 9, 7, 5, 9]', 'current': '[0, 0, 0, 0, 1, 1, 1, 1, 2, 2, 2, 2, 2, 3, 3, 4, 5, 5, 5, 5, 6, 6, 6, 7, 7, 7, 9, 9, 9, 9, 9, 9]', 'phase': 2, 'method': 'got', 'unsorted_sublist': '[0, 0, 5, 9, 0, 7, 9, 9, 1, 2, 6, 1, 1, 9, 0, 1, 3, 5, 2, 3, 5, 6, 0, 2, 7, 4, 6, 2, 9, 7, 5, 9]', 'part': 'List 1'}
Generate - DEBUG - New thought 49 created with state {'original': '[0, 0, 5, 9, 0, 7, 9, 9, 1, 2, 6, 1, 1, 9, 0, 1, 3, 5, 2, 3, 5, 6, 0, 2, 7, 4, 6, 2, 9, 7, 5, 9]', 'current': '[0, 0, 0, 0, 1, 1, 1, 1, 2, 2, 2, 2, 2, 3, 3, 4, 5, 5, 5, 5, 6, 6, 6, 7, 7, 7, 9, 9, 9, 9, 9, 9]', 'phase': 2, 'method': 'got', 'unsorted_sublist': '[0, 0, 5, 9, 0, 7, 9, 9, 1, 2, 6, 1, 1, 9, 0, 1, 3, 5, 2, 3, 5, 6, 0, 2, 7, 4, 6, 2, 9, 7, 5, 9]', 'part': 'List 1'}
Generate - DEBUG - New thought 50 created with state {'original': '[0, 0, 5, 9, 0, 7, 9, 9, 1, 2, 6, 1, 1, 9, 0, 1, 3, 5, 2, 3, 5, 6, 0, 2, 7, 4, 6, 2, 9, 7, 5, 9]', 'current': '[0, 0, 0, 0, 1, 1, 1, 1, 2, 2, 2, 2, 2, 3, 3, 4, 5, 5, 5, 5, 6, 6, 6, 7, 7, 7, 9, 9, 9, 9, 9, 9]', 'phase': 2, 'method': 'got', 'unsorted_sublist': '[0, 0, 5, 9, 0, 7, 9, 9, 1, 2, 6, 1, 1, 9, 0, 1, 3, 5, 2, 3, 5, 6, 0, 2, 7, 4, 6, 2, 9, 7, 5, 9]', 'part': 'List 1'}
Generate - DEBUG - New thought 51 created with state {'original': '[0, 0, 5, 9, 0, 7, 9, 9, 1, 2, 6, 1, 1, 9, 0, 1, 3, 5, 2, 3, 5, 6, 0, 2, 7, 4, 6, 2, 9, 7, 5, 9]', 'current': '[0, 0, 0, 0, 1, 1, 1, 1, 2, 2, 2, 2, 2, 3, 3, 4, 5, 5, 5, 5, 6, 6, 6, 7, 7, 7, 9, 9, 9, 9, 9, 9]', 'phase': 2, 'method': 'got', 'unsorted_sublist': '[0, 0, 5, 9, 0, 7, 9, 9, 1, 2, 6, 1, 1, 9, 0, 1, 3, 5, 2, 3, 5, 6, 0, 2, 7, 4, 6, 2, 9, 7, 5, 9]', 'part': 'List 1'}
Generate - DEBUG - New thought 52 created with state {'original': '[0, 0, 5, 9, 0, 7, 9, 9, 1, 2, 6, 1, 1, 9, 0, 1, 3, 5, 2, 3, 5, 6, 0, 2, 7, 4, 6, 2, 9, 7, 5, 9]', 'current': '[0, 0, 0, 0, 1, 1, 1, 1, 2, 2, 2, 2, 2, 3, 3, 4, 5, 5, 5, 5, 6, 6, 6, 7, 7, 7, 9, 9, 9, 9, 9, 9]', 'phase': 2, 'method': 'got', 'unsorted_sublist': '[0, 0, 5, 9, 0, 7, 9, 9, 1, 2, 6, 1, 1, 9, 0, 1, 3, 5, 2, 3, 5, 6, 0, 2, 7, 4, 6, 2, 9, 7, 5, 9]', 'part': 'List 1'}
Generate - DEBUG - New thought 53 created with state {'original': '[0, 0, 5, 9, 0, 7, 9, 9, 1, 2, 6, 1, 1, 9, 0, 1, 3, 5, 2, 3, 5, 6, 0, 2, 7, 4, 6, 2, 9, 7, 5, 9]', 'current': '[0, 0, 0, 0, 1, 1, 1, 1, 2, 2, 2, 2, 2, 3, 3, 4, 5, 5, 5, 5, 6, 6, 6, 7, 7, 7, 9, 9, 9, 9, 9, 9]', 'phase': 2, 'method': 'got', 'unsorted_sublist': '[0, 0, 5, 9, 0, 7, 9, 9, 1, 2, 6, 1, 1, 9, 0, 1, 3, 5, 2, 3, 5, 6, 0, 2, 7, 4, 6, 2, 9, 7, 5, 9]', 'part': 'List 1'}
Generate - DEBUG - New thought 54 created with state {'original': '[0, 0, 5, 9, 0, 7, 9, 9, 1, 2, 6, 1, 1, 9, 0, 1, 3, 5, 2, 3, 5, 6, 0, 2, 7, 4, 6, 2, 9, 7, 5, 9]', 'current': '[0, 0, 0, 0, 1, 1, 1, 1, 2, 2, 2, 2, 2, 3, 3, 4, 5, 5, 5, 5, 6, 6, 6, 7, 7, 7, 9, 9, 9, 9, 9, 9]', 'phase': 2, 'method': 'got', 'unsorted_sublist': '[0, 0, 5, 9, 0, 7, 9, 9, 1, 2, 6, 1, 1, 9, 0, 1, 3, 5, 2, 3, 5, 6, 0, 2, 7, 4, 6, 2, 9, 7, 5, 9]', 'part': 'List 1'}
Generate - DEBUG - New thought 55 created with state {'original': '[0, 0, 5, 9, 0, 7, 9, 9, 1, 2, 6, 1, 1, 9, 0, 1, 3, 5, 2, 3, 5, 6, 0, 2, 7, 4, 6, 2, 9, 7, 5, 9]', 'current': '[0, 0, 0, 0, 1, 1, 1, 1, 2, 2, 2, 2, 2, 3, 3, 4, 5, 5, 5, 5, 6, 6, 6, 7, 7, 7, 9, 9, 9, 9, 9, 9]', 'phase': 2, 'method': 'got', 'unsorted_sublist': '[0, 0, 5, 9, 0, 7, 9, 9, 1, 2, 6, 1, 1, 9, 0, 1, 3, 5, 2, 3, 5, 6, 0, 2, 7, 4, 6, 2, 9, 7, 5, 9]', 'part': 'List 1'}
Generate - DEBUG - New thought 56 created with state {'original': '[0, 0, 5, 9, 0, 7, 9, 9, 1, 2, 6, 1, 1, 9, 0, 1, 3, 5, 2, 3, 5, 6, 0, 2, 7, 4, 6, 2, 9, 7, 5, 9]', 'current': '[0, 0, 0, 0, 1, 1, 1, 1, 2, 2, 2, 2, 2, 3, 3, 4, 5, 5, 5, 5, 6, 6, 6, 7, 7, 7, 9, 9, 9, 9, 9, 9]', 'phase': 2, 'method': 'got', 'unsorted_sublist': '[0, 0, 5, 9, 0, 7, 9, 9, 1, 2, 6, 1, 1, 9, 0, 1, 3, 5, 2, 3, 5, 6, 0, 2, 7, 4, 6, 2, 9, 7, 5, 9]', 'part': 'List 1'}
Generate - DEBUG - New thought 57 created with state {'original': '[0, 0, 5, 9, 0, 7, 9, 9, 1, 2, 6, 1, 1, 9, 0, 1, 3, 5, 2, 3, 5, 6, 0, 2, 7, 4, 6, 2, 9, 7, 5, 9]', 'current': '[0, 0, 0, 0, 1, 1, 1, 1, 2, 2, 2, 2, 2, 3, 3, 4, 5, 5, 5, 5, 6, 6, 6, 7, 7, 7, 9, 9, 9, 9, 9, 9]', 'phase': 2, 'method': 'got', 'unsorted_sublist': '[0, 0, 5, 9, 0, 7, 9, 9, 1, 2, 6, 1, 1, 9, 0, 1, 3, 5, 2, 3, 5, 6, 0, 2, 7, 4, 6, 2, 9, 7, 5, 9]', 'part': 'List 1'}
Generate - INFO - Generate operation 12 created 10 new thoughts
Generate - DEBUG - Operation 12 executed
graph_of_thoughts.controller.controller - INFO - Operation OperationType.generate executed
graph_of_thoughts.controller.controller - INFO - Executing operation OperationType.score
Score - INFO - Executing operation 13 of type OperationType.score
Score - DEBUG - Using scoring function <function num_errors at 0x7f0cae9aa660> to score state
Score - DEBUG - Using scoring function <function num_errors at 0x7f0cae9aa660> to score state
Score - DEBUG - Using scoring function <function num_errors at 0x7f0cae9aa660> to score state
Score - DEBUG - Using scoring function <function num_errors at 0x7f0cae9aa660> to score state
Score - DEBUG - Using scoring function <function num_errors at 0x7f0cae9aa660> to score state
Score - DEBUG - Using scoring function <function num_errors at 0x7f0cae9aa660> to score state
Score - DEBUG - Using scoring function <function num_errors at 0x7f0cae9aa660> to score state
Score - DEBUG - Using scoring function <function num_errors at 0x7f0cae9aa660> to score state
Score - DEBUG - Using scoring function <function num_errors at 0x7f0cae9aa660> to score state
Score - DEBUG - Using scoring function <function num_errors at 0x7f0cae9aa660> to score state
Score - DEBUG - Using scoring function <function num_errors at 0x7f0cae9aa660> to score state
Score - INFO - Score operation 13 scored 11 thoughts
Score - DEBUG - Operation 13 executed
graph_of_thoughts.controller.controller - INFO - Operation OperationType.score executed
graph_of_thoughts.controller.controller - INFO - Executing operation OperationType.keep_best_n
KeepBestN - INFO - Executing operation 14 of type OperationType.keep_best_n
KeepBestN - DEBUG - Thought 69 with state {'original': '[0, 0, 5, 9, 0, 7, 9, 9, 1, 2, 6, 1, 1, 9, 0, 1, 3, 5, 2, 3, 5, 6, 0, 2, 7, 4, 6, 2, 9, 7, 5, 9]', 'current': '[0, 0, 0, 0, 1, 1, 1, 1, 2, 2, 2, 2, 2, 3, 3, 4, 5, 5, 5, 5, 6, 6, 6, 7, 7, 7, 9, 9, 9, 9, 9, 9]', 'phase': 2, 'method': 'got', 'unsorted_sublist': '[0, 0, 5, 9, 0, 7, 9, 9, 1, 2, 6, 1, 1, 9, 0, 1, 3, 5, 2, 3, 5, 6, 0, 2, 7, 4, 6, 2, 9, 7, 5, 9]', 'part': 'List 1'} kept
KeepBestN - INFO - KeepBestN operation 14 kept 1 thoughts
KeepBestN - DEBUG - Operation 14 executed
graph_of_thoughts.controller.controller - INFO - Operation OperationType.keep_best_n executed
graph_of_thoughts.controller.controller - INFO - Executing operation OperationType.ground_truth_evaluator
GroundTruth - INFO - Executing operation 15 of type OperationType.ground_truth_evaluator
GroundTruth - INFO - GroundTruth operation 15 evaluated 1 thoughts and 0 solved the problem
GroundTruth - DEBUG - Operation 15 executed
graph_of_thoughts.controller.controller - INFO - Operation OperationType.ground_truth_evaluator executed
graph_of_thoughts.controller.controller - INFO - All operations executed
root - INFO - Spent 0.0 out of 30 budget.
